2025-09-29 08:07:20 - INFO - === Attendance ZTech System Started ===
Timestamp: 2025-09-29 08:07:20.562467
Python Version: 3.13.2 (main, Feb  4 2025, 14:51:09) [Clang 16.0.0 (clang-1600.0.26.6)]
Working Directory: /Users/hashiqvh/Projects/attendance-ztech-python
=====================================

2025-09-29 08:07:20 - INFO - Configuration loaded successfully
2025-09-29 08:07:20 - INFO - System configured with 3 devices
2025-09-29 08:07:20 - INFO - Server endpoint: https://pace.paceeducation.com/erp-api/sync/empAttSync.php
2025-09-29 08:07:20 - INFO - Buffer limit: 3
2025-09-29 08:07:20 - INFO - Telegram notifications: Enabled
2025-09-29 08:07:20 - INFO - 🚀 Starting Attendance ZTech System...
2025-09-29 08:07:21 - INFO - === Attendance ZTech System Started ===
Timestamp: 2025-09-29 08:07:21.290246
Python Version: 3.13.2 (main, Feb  4 2025, 14:51:09) [Clang 16.0.0 (clang-1600.0.26.6)]
Working Directory: /Users/hashiqvh/Projects/attendance-ztech-python
=====================================

2025-09-29 08:07:21 - INFO - Configuration loaded successfully
2025-09-29 08:07:21 - INFO - System configured with 3 devices
2025-09-29 08:07:21 - INFO - Server endpoint: https://pace.paceeducation.com/erp-api/sync/empAttSync.php
2025-09-29 08:07:21 - INFO - Buffer limit: 3
2025-09-29 08:07:21 - INFO - Telegram notifications: Enabled
2025-09-29 08:07:21 - INFO - 📦 Shared buffer initialized
2025-09-29 08:07:21 - INFO - 🔄 Reconnecting to all devices...
2025-09-29 08:07:21 - INFO - 🔄 Starting process for device 1
2025-09-29 08:07:21 - INFO - ✅ Process started for device 1 (PID: 74451)
2025-09-29 08:07:21 - INFO - 🔄 Starting process for device 2
2025-09-29 08:07:21 - INFO - ✅ Process started for device 2 (PID: 74452)
2025-09-29 08:07:21 - INFO - 🔄 Starting process for device 3
2025-09-29 08:07:21 - INFO - ✅ Process started for device 3 (PID: 74453)
2025-09-29 08:07:21 - INFO - ✅ All 3 device processes started successfully
2025-09-29 08:07:21 - INFO - 🔗 Initial device connections established
2025-09-29 08:07:21 - INFO - ⏰ Starting main monitoring loop...
2025-09-29 08:07:21 - INFO - === Attendance ZTech System Started ===
Timestamp: 2025-09-29 08:07:21.388798
Python Version: 3.13.2 (main, Feb  4 2025, 14:51:09) [Clang 16.0.0 (clang-1600.0.26.6)]
Working Directory: /Users/hashiqvh/Projects/attendance-ztech-python
=====================================

2025-09-29 08:07:21 - INFO - === Attendance ZTech System Started ===
Timestamp: 2025-09-29 08:07:21.388827
Python Version: 3.13.2 (main, Feb  4 2025, 14:51:09) [Clang 16.0.0 (clang-1600.0.26.6)]
Working Directory: /Users/hashiqvh/Projects/attendance-ztech-python
=====================================

2025-09-29 08:07:21 - INFO - Configuration loaded successfully
2025-09-29 08:07:21 - INFO - System configured with 3 devices
2025-09-29 08:07:21 - INFO - Server endpoint: https://pace.paceeducation.com/erp-api/sync/empAttSync.php
2025-09-29 08:07:21 - INFO - Buffer limit: 3
2025-09-29 08:07:21 - INFO - Configuration loaded successfully
2025-09-29 08:07:21 - INFO - Telegram notifications: Enabled
2025-09-29 08:07:21 - INFO - System configured with 3 devices
2025-09-29 08:07:21 - INFO - Server endpoint: https://pace.paceeducation.com/erp-api/sync/empAttSync.php
2025-09-29 08:07:21 - INFO - Buffer limit: 3
2025-09-29 08:07:21 - INFO - Telegram notifications: Enabled
2025-09-29 08:07:21 - INFO - === Attendance ZTech System Started ===
Timestamp: 2025-09-29 08:07:21.390080
Python Version: 3.13.2 (main, Feb  4 2025, 14:51:09) [Clang 16.0.0 (clang-1600.0.26.6)]
Working Directory: /Users/hashiqvh/Projects/attendance-ztech-python
=====================================

2025-09-29 08:07:21 - INFO - Configuration loaded successfully
2025-09-29 08:07:21 - INFO - System configured with 3 devices
2025-09-29 08:07:21 - INFO - Server endpoint: https://pace.paceeducation.com/erp-api/sync/empAttSync.php
2025-09-29 08:07:21 - INFO - Buffer limit: 3
2025-09-29 08:07:21 - INFO - Telegram notifications: Enabled
2025-09-29 08:07:21 - INFO - 🔄 Starting real-time log capture for device 2 (10.30.141.4:4370)
2025-09-29 08:07:21 - INFO - 🔄 Starting real-time log capture for device 1 (10.30.141.3:4370)
2025-09-29 08:07:21 - INFO - Device 2 (10.30.141.4:4370) - Connecting for real-time capture...
2025-09-29 08:07:21 - INFO - Device 1 (10.30.141.3:4370) - Connecting for real-time capture...
2025-09-29 08:07:21 - INFO - 🔄 Starting real-time log capture for device 3 (10.30.141.5:4370)
2025-09-29 08:07:21 - INFO - Device 3 (10.30.141.5:4370) - Connecting for real-time capture...
2025-09-29 08:07:21 - INFO - Device 2 (10.30.141.4:4370) - Connected successfully - Real-time capture active
2025-09-29 08:07:21 - INFO - 📱 Device 2 connected (device info not available)
2025-09-29 08:07:21 - INFO - Device 3 (10.30.141.5:4370) - Connected successfully - Real-time capture active
2025-09-29 08:07:21 - INFO - 📱 Device 3 connected (device info not available)
2025-09-29 08:07:21 - INFO - Device 1 (10.30.141.3:4370) - Connected successfully - Real-time capture active
2025-09-29 08:07:21 - INFO - 📱 Device 1 connected (device info not available)
2025-09-29 08:07:40 - INFO - 👤 New attendance: User 15 at 2025-09-29 08:05:46 (Device: 1)
2025-09-29 08:09:58 - INFO - === Attendance ZTech System Started ===
Timestamp: 2025-09-29 08:09:58.655860
Python Version: 3.13.2 (main, Feb  4 2025, 14:51:09) [Clang 16.0.0 (clang-1600.0.26.6)]
Working Directory: /Users/hashiqvh/Projects/attendance-ztech-python
=====================================

2025-09-29 08:09:58 - INFO - Configuration loaded successfully
2025-09-29 08:09:58 - INFO - System configured with 3 devices
2025-09-29 08:09:58 - INFO - Server endpoint: https://pace.paceeducation.com/erp-api/sync/empAttSync.php
2025-09-29 08:09:58 - INFO - Buffer limit: 3
2025-09-29 08:09:58 - INFO - Telegram notifications: Enabled
2025-09-29 08:09:58 - INFO - 🚀 Starting Attendance ZTech System...
2025-09-29 08:09:59 - INFO - === Attendance ZTech System Started ===
Timestamp: 2025-09-29 08:09:59.418290
Python Version: 3.13.2 (main, Feb  4 2025, 14:51:09) [Clang 16.0.0 (clang-1600.0.26.6)]
Working Directory: /Users/hashiqvh/Projects/attendance-ztech-python
=====================================

2025-09-29 08:09:59 - INFO - Configuration loaded successfully
2025-09-29 08:09:59 - INFO - System configured with 3 devices
2025-09-29 08:09:59 - INFO - Server endpoint: https://pace.paceeducation.com/erp-api/sync/empAttSync.php
2025-09-29 08:09:59 - INFO - Buffer limit: 3
2025-09-29 08:09:59 - INFO - Telegram notifications: Enabled
2025-09-29 08:09:59 - INFO - 📦 Shared buffer initialized
2025-09-29 08:09:59 - INFO - 🔄 Reconnecting to all devices...
2025-09-29 08:09:59 - INFO - 🔄 Starting process for device 1
2025-09-29 08:09:59 - INFO - ✅ Process started for device 1 (PID: 77969)
2025-09-29 08:09:59 - INFO - 🔄 Starting process for device 2
2025-09-29 08:09:59 - INFO - ✅ Process started for device 2 (PID: 77970)
2025-09-29 08:09:59 - INFO - 🔄 Starting process for device 3
2025-09-29 08:09:59 - INFO - ✅ Process started for device 3 (PID: 77971)
2025-09-29 08:09:59 - INFO - ✅ All 3 device processes started successfully
2025-09-29 08:09:59 - INFO - 🔗 Initial device connections established
2025-09-29 08:09:59 - INFO - ⏰ Starting main monitoring loop...
2025-09-29 08:09:59 - INFO - === Attendance ZTech System Started ===
Timestamp: 2025-09-29 08:09:59.556850
Python Version: 3.13.2 (main, Feb  4 2025, 14:51:09) [Clang 16.0.0 (clang-1600.0.26.6)]
Working Directory: /Users/hashiqvh/Projects/attendance-ztech-python
=====================================

2025-09-29 08:09:59 - INFO - Configuration loaded successfully
2025-09-29 08:09:59 - INFO - System configured with 3 devices
2025-09-29 08:09:59 - INFO - === Attendance ZTech System Started ===
Timestamp: 2025-09-29 08:09:59.557102
Python Version: 3.13.2 (main, Feb  4 2025, 14:51:09) [Clang 16.0.0 (clang-1600.0.26.6)]
Working Directory: /Users/hashiqvh/Projects/attendance-ztech-python
=====================================

2025-09-29 08:09:59 - INFO - Server endpoint: https://pace.paceeducation.com/erp-api/sync/empAttSync.php
2025-09-29 08:09:59 - INFO - Configuration loaded successfully
2025-09-29 08:09:59 - INFO - System configured with 3 devices
2025-09-29 08:09:59 - INFO - Buffer limit: 3
2025-09-29 08:09:59 - INFO - Server endpoint: https://pace.paceeducation.com/erp-api/sync/empAttSync.php
2025-09-29 08:09:59 - INFO - Buffer limit: 3
2025-09-29 08:09:59 - INFO - Telegram notifications: Enabled
2025-09-29 08:09:59 - INFO - Telegram notifications: Enabled
2025-09-29 08:09:59 - INFO - === Attendance ZTech System Started ===
Timestamp: 2025-09-29 08:09:59.562041
Python Version: 3.13.2 (main, Feb  4 2025, 14:51:09) [Clang 16.0.0 (clang-1600.0.26.6)]
Working Directory: /Users/hashiqvh/Projects/attendance-ztech-python
=====================================

2025-09-29 08:09:59 - INFO - Configuration loaded successfully
2025-09-29 08:09:59 - INFO - System configured with 3 devices
2025-09-29 08:09:59 - INFO - Server endpoint: https://pace.paceeducation.com/erp-api/sync/empAttSync.php
2025-09-29 08:09:59 - INFO - Buffer limit: 3
2025-09-29 08:09:59 - INFO - Telegram notifications: Enabled
2025-09-29 08:09:59 - INFO - 🔄 Starting real-time log capture for device 1 (10.30.141.3:4370)
2025-09-29 08:09:59 - INFO - Device 1 (10.30.141.3:4370) - Connecting for real-time capture...
2025-09-29 08:09:59 - INFO - 🔄 Starting real-time log capture for device 2 (10.30.141.4:4370)
2025-09-29 08:09:59 - INFO - Device 2 (10.30.141.4:4370) - Connecting for real-time capture...
2025-09-29 08:09:59 - INFO - 🔄 Starting real-time log capture for device 3 (10.30.141.5:4370)
2025-09-29 08:09:59 - INFO - Device 3 (10.30.141.5:4370) - Connecting for real-time capture...
2025-09-29 08:09:59 - INFO - Device 1 (10.30.141.3:4370) - Connected successfully - Real-time capture active
2025-09-29 08:09:59 - INFO - 📱 Device 1 connected (device info not available)
2025-09-29 08:09:59 - INFO - Device 3 (10.30.141.5:4370) - Connected successfully - Real-time capture active
2025-09-29 08:09:59 - INFO - 📱 Device 3 connected (device info not available)
2025-09-29 08:09:59 - INFO - Device 2 (10.30.141.4:4370) - Connected successfully - Real-time capture active
2025-09-29 08:09:59 - INFO - 📱 Device 2 connected (device info not available)
2025-09-29 08:11:26 - INFO - 👤 New attendance: User 56 at 2025-09-29 08:09:32 (Device: 1)
2025-09-29 08:11:26 - INFO - 👤 New attendance: User 56 at 2025-09-29 08:09:32 (Device: 1)
2025-09-29 08:18:30 - INFO - ⏹️ Script terminated by user
2025-09-29 08:18:31 - INFO - Device 1 (10.30.141.3:4370) - Disconnected from real-time capture
2025-09-29 08:18:31 - INFO - Device 2 (10.30.141.4:4370) - Disconnected from real-time capture
2025-09-29 08:18:31 - INFO - Device 3 (10.30.141.5:4370) - Disconnected from real-time capture
2025-09-29 08:18:31 - INFO - 🔄 Terminating all device processes...
2025-09-29 08:18:31 - INFO - 👋 Attendance ZTech System stopped
2025-09-29 08:20:18 - INFO - 👤 New attendance: User 35 at 2025-09-29 08:18:24 (Device: 1)
2025-09-29 08:20:18 - INFO - 📦 Buffer limit reached (3 records), pushing to server...
2025-09-29 08:20:18 - INFO - Pushing 3 records to server at https://pace.paceeducation.com/erp-api/sync/empAttSync.php
2025-09-29 08:20:19 - INFO - ✅ Successfully pushed 3 records to server
2025-09-29 08:22:22 - INFO - 🔄 Scheduled reconnection after 15 minutes...
2025-09-29 08:22:22 - INFO - 🔄 Reconnecting to all devices...
2025-09-29 08:22:22 - INFO - 🔄 Starting process for device 1
2025-09-29 08:22:22 - INFO - ✅ Process started for device 1 (PID: 98207)
2025-09-29 08:22:22 - INFO - 🔄 Starting process for device 2
2025-09-29 08:22:22 - INFO - ✅ Process started for device 2 (PID: 98208)
2025-09-29 08:22:22 - INFO - 🔄 Starting process for device 3
2025-09-29 08:22:22 - INFO - ✅ Process started for device 3 (PID: 98209)
2025-09-29 08:22:22 - INFO - ✅ All 3 device processes started successfully
2025-09-29 08:22:22 - INFO - === Attendance ZTech System Started ===
Timestamp: 2025-09-29 08:22:22.262766
Python Version: 3.13.2 (main, Feb  4 2025, 14:51:09) [Clang 16.0.0 (clang-1600.0.26.6)]
Working Directory: /Users/hashiqvh/Projects/attendance-ztech-python
=====================================

2025-09-29 08:22:22 - INFO - === Attendance ZTech System Started ===
Timestamp: 2025-09-29 08:22:22.263214
Python Version: 3.13.2 (main, Feb  4 2025, 14:51:09) [Clang 16.0.0 (clang-1600.0.26.6)]
Working Directory: /Users/hashiqvh/Projects/attendance-ztech-python
=====================================

2025-09-29 08:22:22 - INFO - Configuration loaded successfully
2025-09-29 08:22:22 - INFO - Configuration loaded successfully
2025-09-29 08:22:22 - INFO - System configured with 3 devices
2025-09-29 08:22:22 - INFO - Server endpoint: https://pace.paceeducation.com/erp-api/sync/empAttSync.php
2025-09-29 08:22:22 - INFO - Buffer limit: 3
2025-09-29 08:22:22 - INFO - Telegram notifications: Enabled
2025-09-29 08:22:22 - INFO - System configured with 3 devices
2025-09-29 08:22:22 - INFO - Server endpoint: https://pace.paceeducation.com/erp-api/sync/empAttSync.php
2025-09-29 08:22:22 - INFO - Buffer limit: 3
2025-09-29 08:22:22 - INFO - Telegram notifications: Enabled
2025-09-29 08:22:22 - INFO - === Attendance ZTech System Started ===
Timestamp: 2025-09-29 08:22:22.264602
Python Version: 3.13.2 (main, Feb  4 2025, 14:51:09) [Clang 16.0.0 (clang-1600.0.26.6)]
Working Directory: /Users/hashiqvh/Projects/attendance-ztech-python
=====================================

2025-09-29 08:22:22 - INFO - Configuration loaded successfully
2025-09-29 08:22:22 - INFO - System configured with 3 devices
2025-09-29 08:22:22 - INFO - Server endpoint: https://pace.paceeducation.com/erp-api/sync/empAttSync.php
2025-09-29 08:22:22 - INFO - Buffer limit: 3
2025-09-29 08:22:22 - INFO - Telegram notifications: Enabled
2025-09-29 08:22:22 - INFO - 🔄 Starting real-time log capture for device 2 (10.30.141.4:4370)
2025-09-29 08:22:22 - INFO - 🔄 Starting real-time log capture for device 1 (10.30.141.3:4370)
2025-09-29 08:22:22 - INFO - 🔄 Starting real-time log capture for device 3 (10.30.141.5:4370)
2025-09-29 08:22:22 - INFO - Device 1 (10.30.141.3:4370) - Connecting for real-time capture...
2025-09-29 08:22:22 - INFO - Device 3 (10.30.141.5:4370) - Connecting for real-time capture...
2025-09-29 08:22:22 - INFO - Device 2 (10.30.141.4:4370) - Connecting for real-time capture...
2025-09-29 08:22:22 - INFO - Device 1 (10.30.141.3:4370) - Connected successfully - Real-time capture active
2025-09-29 08:22:22 - INFO - 📱 Device 1 connected (device info not available)
2025-09-29 08:22:22 - INFO - Device 2 (10.30.141.4:4370) - Connected successfully - Real-time capture active
2025-09-29 08:22:22 - INFO - 📱 Device 2 connected (device info not available)
2025-09-29 08:22:22 - INFO - Device 3 (10.30.141.5:4370) - Connected successfully - Real-time capture active
2025-09-29 08:22:22 - INFO - 📱 Device 3 connected (device info not available)
2025-09-29 08:37:22 - INFO - 🔄 Scheduled reconnection after 15 minutes...
2025-09-29 08:37:22 - INFO - 🔄 Reconnecting to all devices...
2025-09-29 08:37:22 - INFO - 🔄 Starting process for device 1
2025-09-29 08:37:22 - INFO - ✅ Process started for device 1 (PID: 26997)
2025-09-29 08:37:22 - INFO - 🔄 Starting process for device 2
2025-09-29 08:37:22 - INFO - ✅ Process started for device 2 (PID: 26998)
2025-09-29 08:37:22 - INFO - 🔄 Starting process for device 3
2025-09-29 08:37:22 - INFO - ✅ Process started for device 3 (PID: 26999)
2025-09-29 08:37:22 - INFO - ✅ All 3 device processes started successfully
2025-09-29 08:37:22 - INFO - === Attendance ZTech System Started ===
Timestamp: 2025-09-29 08:37:22.319661
Python Version: 3.13.2 (main, Feb  4 2025, 14:51:09) [Clang 16.0.0 (clang-1600.0.26.6)]
Working Directory: /Users/hashiqvh/Projects/attendance-ztech-python
=====================================

2025-09-29 08:37:22 - INFO - === Attendance ZTech System Started ===
Timestamp: 2025-09-29 08:37:22.319658
Python Version: 3.13.2 (main, Feb  4 2025, 14:51:09) [Clang 16.0.0 (clang-1600.0.26.6)]
Working Directory: /Users/hashiqvh/Projects/attendance-ztech-python
=====================================

2025-09-29 08:37:22 - INFO - === Attendance ZTech System Started ===
Timestamp: 2025-09-29 08:37:22.319661
Python Version: 3.13.2 (main, Feb  4 2025, 14:51:09) [Clang 16.0.0 (clang-1600.0.26.6)]
Working Directory: /Users/hashiqvh/Projects/attendance-ztech-python
=====================================

2025-09-29 08:37:22 - INFO - Configuration loaded successfully
2025-09-29 08:37:22 - INFO - Configuration loaded successfully
2025-09-29 08:37:22 - INFO - Configuration loaded successfully
2025-09-29 08:37:22 - INFO - System configured with 3 devices
2025-09-29 08:37:22 - INFO - System configured with 3 devices
2025-09-29 08:37:22 - INFO - System configured with 3 devices
2025-09-29 08:37:22 - INFO - Server endpoint: https://pace.paceeducation.com/erp-api/sync/empAttSync.php
2025-09-29 08:37:22 - INFO - Server endpoint: https://pace.paceeducation.com/erp-api/sync/empAttSync.php
2025-09-29 08:37:22 - INFO - Server endpoint: https://pace.paceeducation.com/erp-api/sync/empAttSync.php
2025-09-29 08:37:22 - INFO - Buffer limit: 3
2025-09-29 08:37:22 - INFO - Buffer limit: 3
2025-09-29 08:37:22 - INFO - Buffer limit: 3
2025-09-29 08:37:22 - INFO - Telegram notifications: Enabled
2025-09-29 08:37:22 - INFO - Telegram notifications: Enabled
2025-09-29 08:37:22 - INFO - Telegram notifications: Enabled
2025-09-29 08:37:22 - INFO - 🔄 Starting real-time log capture for device 2 (10.30.141.4:4370)
2025-09-29 08:37:22 - INFO - 🔄 Starting real-time log capture for device 3 (10.30.141.5:4370)
2025-09-29 08:37:22 - INFO - 🔄 Starting real-time log capture for device 1 (10.30.141.3:4370)
2025-09-29 08:37:22 - INFO - Device 2 (10.30.141.4:4370) - Connecting for real-time capture...
2025-09-29 08:37:22 - INFO - Device 3 (10.30.141.5:4370) - Connecting for real-time capture...
2025-09-29 08:37:22 - INFO - Device 1 (10.30.141.3:4370) - Connecting for real-time capture...
2025-09-29 08:37:22 - INFO - Device 2 (10.30.141.4:4370) - Connected successfully - Real-time capture active
2025-09-29 08:37:22 - INFO - 📱 Device 2 connected (device info not available)
2025-09-29 08:37:22 - INFO - Device 1 (10.30.141.3:4370) - Connected successfully - Real-time capture active
2025-09-29 08:37:22 - INFO - 📱 Device 1 connected (device info not available)
2025-09-29 08:37:22 - INFO - Device 3 (10.30.141.5:4370) - Connected successfully - Real-time capture active
2025-09-29 08:37:22 - INFO - 📱 Device 3 connected (device info not available)
2025-09-29 08:44:35 - INFO - 👤 New attendance: User 610 at 2025-09-29 08:42:41 (Device: 1)
2025-09-29 08:52:22 - INFO - 🔄 Scheduled reconnection after 15 minutes...
2025-09-29 08:52:22 - INFO - 🔄 Reconnecting to all devices...
2025-09-29 08:52:22 - INFO - 🔄 Starting process for device 1
2025-09-29 08:52:22 - INFO - ✅ Process started for device 1 (PID: 55756)
2025-09-29 08:52:22 - INFO - 🔄 Starting process for device 2
2025-09-29 08:52:22 - INFO - ✅ Process started for device 2 (PID: 55757)
2025-09-29 08:52:22 - INFO - 🔄 Starting process for device 3
2025-09-29 08:52:22 - INFO - ✅ Process started for device 3 (PID: 55758)
2025-09-29 08:52:22 - INFO - ✅ All 3 device processes started successfully
2025-09-29 08:52:22 - INFO - === Attendance ZTech System Started ===
Timestamp: 2025-09-29 08:52:22.525397
Python: 3.13.2
CWD: /Users/hashiqvh/Projects/attendance-ztech-python
=======================================
2025-09-29 08:52:22 - INFO - === Attendance ZTech System Started ===
Timestamp: 2025-09-29 08:52:22.525399
Python: 3.13.2
CWD: /Users/hashiqvh/Projects/attendance-ztech-python
=======================================
2025-09-29 08:52:22 - INFO - === Attendance ZTech System Started ===
Timestamp: 2025-09-29 08:52:22.525398
Python: 3.13.2
CWD: /Users/hashiqvh/Projects/attendance-ztech-python
=======================================
2025-09-29 08:52:22 - INFO - Configured devices: 3 | Endpoint: https://pace.paceeducation.com/erp-api/sync/empAttSync.php | Buffer limit: 3 | Telegram: ENABLED
2025-09-29 08:52:22 - INFO - Configured devices: 3 | Endpoint: https://pace.paceeducation.com/erp-api/sync/empAttSync.php | Buffer limit: 3 | Telegram: ENABLED
2025-09-29 08:52:22 - INFO - Configured devices: 3 | Endpoint: https://pace.paceeducation.com/erp-api/sync/empAttSync.php | Buffer limit: 3 | Telegram: ENABLED
2025-09-29 08:52:22 - INFO - 🔌 Starting RT capture for device 1 (10.30.141.3:4370)
2025-09-29 08:52:22 - INFO - 🔌 Starting RT capture for device 2 (10.30.141.4:4370)
2025-09-29 08:52:22 - INFO - 🔌 Starting RT capture for device 3 (10.30.141.5:4370)
2025-09-29 08:52:22 - INFO - Device 3 (10.30.141.5:4370) - Connecting for RT capture...
2025-09-29 08:52:22 - INFO - Device 2 (10.30.141.4:4370) - Connecting for RT capture...
2025-09-29 08:52:22 - INFO - Device 1 (10.30.141.3:4370) - Connecting for RT capture...
2025-09-29 08:52:22 - INFO - Device 1 (10.30.141.3:4370) - Connected - Real-time capture active
2025-09-29 08:52:22 - INFO - ℹ️ Device 1 connected (info unavailable)
2025-09-29 08:52:22 - INFO - Device 3 (10.30.141.5:4370) - Connected - Real-time capture active
2025-09-29 08:52:22 - INFO - ℹ️ Device 3 connected (info unavailable)
2025-09-29 08:52:22 - INFO - Device 2 (10.30.141.4:4370) - Connected - Real-time capture active
2025-09-29 08:52:22 - INFO - ℹ️ Device 2 connected (info unavailable)
2025-09-29 08:53:23 - INFO - ⏱️ Periodic flush (1 recs)
2025-09-29 08:53:23 - INFO - Pushing 1 records to https://pace.paceeducation.com/erp-api/sync/empAttSync.php
2025-09-29 08:53:23 - INFO - ⏱️ Periodic flush (1 recs)
2025-09-29 08:53:23 - INFO - Pushing 1 records to https://pace.paceeducation.com/erp-api/sync/empAttSync.php
2025-09-29 08:53:23 - INFO - ⏱️ Periodic flush (1 recs)
2025-09-29 08:53:23 - INFO - Pushing 1 records to https://pace.paceeducation.com/erp-api/sync/empAttSync.php
2025-09-29 08:53:23 - ERROR - ❌ Push error: Object of type ListProxy is not JSON serializable
2025-09-29 08:53:23 - ERROR - ❌ Push error: Object of type ListProxy is not JSON serializable
2025-09-29 08:53:23 - ERROR - ❌ Push error: Object of type ListProxy is not JSON serializable
2025-09-29 08:54:23 - INFO - ⏱️ Periodic flush (1 recs)
2025-09-29 08:54:23 - INFO - Pushing 1 records to https://pace.paceeducation.com/erp-api/sync/empAttSync.php
2025-09-29 08:54:23 - ERROR - ❌ Push error: Object of type ListProxy is not JSON serializable
2025-09-29 08:54:23 - INFO - ⏱️ Periodic flush (1 recs)
2025-09-29 08:54:23 - INFO - Pushing 1 records to https://pace.paceeducation.com/erp-api/sync/empAttSync.php
2025-09-29 08:54:23 - ERROR - ❌ Push error: Object of type ListProxy is not JSON serializable
2025-09-29 08:54:23 - INFO - ⏱️ Periodic flush (1 recs)
2025-09-29 08:54:23 - INFO - Pushing 1 records to https://pace.paceeducation.com/erp-api/sync/empAttSync.php
2025-09-29 08:54:23 - ERROR - ❌ Push error: Object of type ListProxy is not JSON serializable
2025-09-29 08:55:24 - INFO - ⏱️ Periodic flush (1 recs)
2025-09-29 08:55:24 - INFO - Pushing 1 records to https://pace.paceeducation.com/erp-api/sync/empAttSync.php
2025-09-29 08:55:24 - ERROR - ❌ Push error: Object of type ListProxy is not JSON serializable
2025-09-29 08:55:24 - INFO - ⏱️ Periodic flush (1 recs)
2025-09-29 08:55:24 - INFO - Pushing 1 records to https://pace.paceeducation.com/erp-api/sync/empAttSync.php
2025-09-29 08:55:24 - ERROR - ❌ Push error: Object of type ListProxy is not JSON serializable
2025-09-29 08:55:24 - INFO - ⏱️ Periodic flush (1 recs)
2025-09-29 08:55:24 - INFO - Pushing 1 records to https://pace.paceeducation.com/erp-api/sync/empAttSync.php
2025-09-29 08:55:24 - ERROR - ❌ Push error: Object of type ListProxy is not JSON serializable
2025-09-29 08:56:25 - INFO - ⏱️ Periodic flush (1 recs)
2025-09-29 08:56:25 - INFO - Pushing 1 records to https://pace.paceeducation.com/erp-api/sync/empAttSync.php
2025-09-29 08:56:25 - ERROR - ❌ Push error: Object of type ListProxy is not JSON serializable
2025-09-29 08:56:25 - INFO - ⏱️ Periodic flush (1 recs)
2025-09-29 08:56:25 - INFO - Pushing 1 records to https://pace.paceeducation.com/erp-api/sync/empAttSync.php
2025-09-29 08:56:25 - ERROR - ❌ Push error: Object of type ListProxy is not JSON serializable
2025-09-29 08:56:25 - INFO - ⏱️ Periodic flush (1 recs)
2025-09-29 08:56:25 - INFO - Pushing 1 records to https://pace.paceeducation.com/erp-api/sync/empAttSync.php
2025-09-29 08:56:25 - ERROR - ❌ Push error: Object of type ListProxy is not JSON serializable
2025-09-29 08:57:25 - INFO - ⏱️ Periodic flush (1 recs)
2025-09-29 08:57:25 - INFO - Pushing 1 records to https://pace.paceeducation.com/erp-api/sync/empAttSync.php
2025-09-29 08:57:25 - ERROR - ❌ Push error: Object of type ListProxy is not JSON serializable
2025-09-29 08:57:25 - INFO - ⏱️ Periodic flush (1 recs)
2025-09-29 08:57:25 - INFO - Pushing 1 records to https://pace.paceeducation.com/erp-api/sync/empAttSync.php
2025-09-29 08:57:25 - ERROR - ❌ Push error: Object of type ListProxy is not JSON serializable
2025-09-29 08:57:25 - INFO - ⏱️ Periodic flush (1 recs)
2025-09-29 08:57:25 - INFO - Pushing 1 records to https://pace.paceeducation.com/erp-api/sync/empAttSync.php
2025-09-29 08:57:25 - ERROR - ❌ Push error: Object of type ListProxy is not JSON serializable
2025-09-29 08:58:26 - INFO - ⏱️ Periodic flush (1 recs)
2025-09-29 08:58:26 - INFO - Pushing 1 records to https://pace.paceeducation.com/erp-api/sync/empAttSync.php
2025-09-29 08:58:26 - ERROR - ❌ Push error: Object of type ListProxy is not JSON serializable
2025-09-29 08:58:26 - INFO - ⏱️ Periodic flush (1 recs)
2025-09-29 08:58:26 - INFO - Pushing 1 records to https://pace.paceeducation.com/erp-api/sync/empAttSync.php
2025-09-29 08:58:26 - ERROR - ❌ Push error: Object of type ListProxy is not JSON serializable
2025-09-29 08:58:26 - INFO - ⏱️ Periodic flush (1 recs)
2025-09-29 08:58:26 - INFO - Pushing 1 records to https://pace.paceeducation.com/erp-api/sync/empAttSync.php
2025-09-29 08:58:26 - ERROR - ❌ Push error: Object of type ListProxy is not JSON serializable
2025-09-29 08:59:26 - INFO - ⏱️ Periodic flush (1 recs)
2025-09-29 08:59:26 - INFO - Pushing 1 records to https://pace.paceeducation.com/erp-api/sync/empAttSync.php
2025-09-29 08:59:26 - ERROR - ❌ Push error: Object of type ListProxy is not JSON serializable
2025-09-29 08:59:26 - INFO - ⏱️ Periodic flush (1 recs)
2025-09-29 08:59:26 - INFO - Pushing 1 records to https://pace.paceeducation.com/erp-api/sync/empAttSync.php
2025-09-29 08:59:27 - ERROR - ❌ Push error: Object of type ListProxy is not JSON serializable
2025-09-29 08:59:27 - INFO - ⏱️ Periodic flush (1 recs)
2025-09-29 08:59:27 - INFO - Pushing 1 records to https://pace.paceeducation.com/erp-api/sync/empAttSync.php
2025-09-29 08:59:27 - ERROR - ❌ Push error: Object of type ListProxy is not JSON serializable
2025-09-29 09:00:27 - INFO - ⏱️ Periodic flush (1 recs)
2025-09-29 09:00:27 - INFO - Pushing 1 records to https://pace.paceeducation.com/erp-api/sync/empAttSync.php
2025-09-29 09:00:27 - ERROR - ❌ Push error: Object of type ListProxy is not JSON serializable
2025-09-29 09:00:27 - INFO - ⏱️ Periodic flush (1 recs)
2025-09-29 09:00:27 - INFO - ⏱️ Periodic flush (1 recs)
2025-09-29 09:00:27 - INFO - Pushing 1 records to https://pace.paceeducation.com/erp-api/sync/empAttSync.php
2025-09-29 09:00:27 - INFO - Pushing 1 records to https://pace.paceeducation.com/erp-api/sync/empAttSync.php
2025-09-29 09:00:27 - ERROR - ❌ Push error: Object of type ListProxy is not JSON serializable
2025-09-29 09:00:27 - ERROR - ❌ Push error: Object of type ListProxy is not JSON serializable
2025-09-29 09:01:28 - INFO - ⏱️ Periodic flush (1 recs)
2025-09-29 09:01:28 - INFO - Pushing 1 records to https://pace.paceeducation.com/erp-api/sync/empAttSync.php
2025-09-29 09:01:28 - ERROR - ❌ Push error: Object of type ListProxy is not JSON serializable
2025-09-29 09:01:28 - INFO - ⏱️ Periodic flush (1 recs)
2025-09-29 09:01:28 - INFO - Pushing 1 records to https://pace.paceeducation.com/erp-api/sync/empAttSync.php
2025-09-29 09:01:28 - INFO - ⏱️ Periodic flush (1 recs)
2025-09-29 09:01:28 - INFO - Pushing 1 records to https://pace.paceeducation.com/erp-api/sync/empAttSync.php
2025-09-29 09:01:28 - ERROR - ❌ Push error: Object of type ListProxy is not JSON serializable
2025-09-29 09:01:28 - ERROR - ❌ Push error: Object of type ListProxy is not JSON serializable
2025-09-29 09:02:29 - INFO - ⏱️ Periodic flush (1 recs)
2025-09-29 09:02:29 - INFO - Pushing 1 records to https://pace.paceeducation.com/erp-api/sync/empAttSync.php
2025-09-29 09:02:29 - ERROR - ❌ Push error: Object of type ListProxy is not JSON serializable
2025-09-29 09:02:29 - INFO - ⏱️ Periodic flush (1 recs)
2025-09-29 09:02:29 - INFO - Pushing 1 records to https://pace.paceeducation.com/erp-api/sync/empAttSync.php
2025-09-29 09:02:29 - ERROR - ❌ Push error: Object of type ListProxy is not JSON serializable
2025-09-29 09:02:29 - INFO - ⏱️ Periodic flush (1 recs)
2025-09-29 09:02:29 - INFO - Pushing 1 records to https://pace.paceeducation.com/erp-api/sync/empAttSync.php
2025-09-29 09:02:29 - ERROR - ❌ Push error: Object of type ListProxy is not JSON serializable
2025-09-29 09:03:29 - INFO - ⏱️ Periodic flush (1 recs)
2025-09-29 09:03:29 - INFO - Pushing 1 records to https://pace.paceeducation.com/erp-api/sync/empAttSync.php
2025-09-29 09:03:29 - ERROR - ❌ Push error: Object of type ListProxy is not JSON serializable
2025-09-29 09:03:29 - INFO - ⏱️ Periodic flush (1 recs)
2025-09-29 09:03:29 - INFO - Pushing 1 records to https://pace.paceeducation.com/erp-api/sync/empAttSync.php
2025-09-29 09:03:29 - ERROR - ❌ Push error: Object of type ListProxy is not JSON serializable
2025-09-29 09:03:29 - INFO - ⏱️ Periodic flush (1 recs)
2025-09-29 09:03:29 - INFO - Pushing 1 records to https://pace.paceeducation.com/erp-api/sync/empAttSync.php
2025-09-29 09:03:29 - ERROR - ❌ Push error: Object of type ListProxy is not JSON serializable
2025-09-29 09:04:30 - INFO - ⏱️ Periodic flush (1 recs)
2025-09-29 09:04:30 - INFO - Pushing 1 records to https://pace.paceeducation.com/erp-api/sync/empAttSync.php
2025-09-29 09:04:30 - ERROR - ❌ Push error: Object of type ListProxy is not JSON serializable
2025-09-29 09:04:30 - INFO - ⏱️ Periodic flush (1 recs)
2025-09-29 09:04:30 - INFO - Pushing 1 records to https://pace.paceeducation.com/erp-api/sync/empAttSync.php
2025-09-29 09:04:30 - ERROR - ❌ Push error: Object of type ListProxy is not JSON serializable
2025-09-29 09:04:30 - INFO - ⏱️ Periodic flush (1 recs)
2025-09-29 09:04:30 - INFO - Pushing 1 records to https://pace.paceeducation.com/erp-api/sync/empAttSync.php
2025-09-29 09:04:30 - ERROR - ❌ Push error: Object of type ListProxy is not JSON serializable
2025-09-29 09:05:30 - INFO - ⏱️ Periodic flush (1 recs)
2025-09-29 09:05:30 - INFO - Pushing 1 records to https://pace.paceeducation.com/erp-api/sync/empAttSync.php
2025-09-29 09:05:31 - ERROR - ❌ Push error: Object of type ListProxy is not JSON serializable
2025-09-29 09:05:31 - INFO - ⏱️ Periodic flush (1 recs)
2025-09-29 09:05:31 - INFO - Pushing 1 records to https://pace.paceeducation.com/erp-api/sync/empAttSync.php
2025-09-29 09:05:31 - ERROR - ❌ Push error: Object of type ListProxy is not JSON serializable
2025-09-29 09:05:31 - INFO - ⏱️ Periodic flush (1 recs)
2025-09-29 09:05:31 - INFO - Pushing 1 records to https://pace.paceeducation.com/erp-api/sync/empAttSync.php
2025-09-29 09:05:31 - ERROR - ❌ Push error: Object of type ListProxy is not JSON serializable
2025-09-29 09:06:31 - INFO - ⏱️ Periodic flush (1 recs)
2025-09-29 09:06:31 - INFO - Pushing 1 records to https://pace.paceeducation.com/erp-api/sync/empAttSync.php
2025-09-29 09:06:31 - ERROR - ❌ Push error: Object of type ListProxy is not JSON serializable
2025-09-29 09:06:31 - INFO - ⏱️ Periodic flush (1 recs)
2025-09-29 09:06:31 - INFO - Pushing 1 records to https://pace.paceeducation.com/erp-api/sync/empAttSync.php
2025-09-29 09:06:31 - ERROR - ❌ Push error: Object of type ListProxy is not JSON serializable
2025-09-29 09:06:31 - INFO - ⏱️ Periodic flush (1 recs)
2025-09-29 09:06:31 - INFO - Pushing 1 records to https://pace.paceeducation.com/erp-api/sync/empAttSync.php
2025-09-29 09:06:31 - ERROR - ❌ Push error: Object of type ListProxy is not JSON serializable
2025-09-29 09:07:22 - INFO - 🔄 Scheduled reconnection after 15 minutes...
2025-09-29 09:07:22 - INFO - 🔄 Reconnecting to all devices...
2025-09-29 09:07:22 - INFO - 🔄 Starting process for device 1
2025-09-29 09:07:22 - INFO - ✅ Process started for device 1 (PID: 84510)
2025-09-29 09:07:22 - INFO - 🔄 Starting process for device 2
2025-09-29 09:07:22 - INFO - ✅ Process started for device 2 (PID: 84511)
2025-09-29 09:07:22 - INFO - 🔄 Starting process for device 3
2025-09-29 09:07:22 - INFO - ✅ Process started for device 3 (PID: 84512)
2025-09-29 09:07:22 - INFO - ✅ All 3 device processes started successfully
2025-09-29 09:07:22 - INFO - === Attendance ZTech System Started ===
Timestamp: 2025-09-29 09:07:22.886426
Python: 3.13.2
CWD: /Users/hashiqvh/Projects/attendance-ztech-python
=======================================
2025-09-29 09:07:22 - INFO - === Attendance ZTech System Started ===
Timestamp: 2025-09-29 09:07:22.886489
Python: 3.13.2
CWD: /Users/hashiqvh/Projects/attendance-ztech-python
=======================================
2025-09-29 09:07:22 - INFO - === Attendance ZTech System Started ===
Timestamp: 2025-09-29 09:07:22.886557
Python: 3.13.2
CWD: /Users/hashiqvh/Projects/attendance-ztech-python
=======================================
2025-09-29 09:07:22 - INFO - Configured devices: 3 | Endpoint: https://pace.paceeducation.com/erp-api/sync/empAttSync.php | Buffer limit: 3 | Telegram: ENABLED
2025-09-29 09:07:22 - INFO - Configured devices: 3 | Endpoint: https://pace.paceeducation.com/erp-api/sync/empAttSync.php | Buffer limit: 3 | Telegram: ENABLED
2025-09-29 09:07:22 - INFO - Configured devices: 3 | Endpoint: https://pace.paceeducation.com/erp-api/sync/empAttSync.php | Buffer limit: 3 | Telegram: ENABLED
2025-09-29 09:07:22 - INFO - 🔌 Starting RT capture for device 2 (10.30.141.4:4370)
2025-09-29 09:07:22 - INFO - 🔌 Starting RT capture for device 3 (10.30.141.5:4370)
2025-09-29 09:07:22 - INFO - 🔌 Starting RT capture for device 1 (10.30.141.3:4370)
2025-09-29 09:07:22 - INFO - Device 2 (10.30.141.4:4370) - Connecting for RT capture...
2025-09-29 09:07:22 - INFO - Device 1 (10.30.141.3:4370) - Connecting for RT capture...
2025-09-29 09:07:22 - INFO - Device 3 (10.30.141.5:4370) - Connecting for RT capture...
2025-09-29 09:07:22 - INFO - Device 2 (10.30.141.4:4370) - Connected - Real-time capture active
2025-09-29 09:07:22 - INFO - ℹ️ Device 2 connected (info unavailable)
2025-09-29 09:07:22 - INFO - Device 1 (10.30.141.3:4370) - Connected - Real-time capture active
2025-09-29 09:07:22 - INFO - ℹ️ Device 1 connected (info unavailable)
2025-09-29 09:07:22 - INFO - Device 3 (10.30.141.5:4370) - Connected - Real-time capture active
2025-09-29 09:07:22 - INFO - ℹ️ Device 3 connected (info unavailable)
2025-09-29 09:08:23 - INFO - ⏱️ Periodic flush (1 recs)
2025-09-29 09:08:23 - INFO - Pushing 1 records to https://pace.paceeducation.com/erp-api/sync/empAttSync.php
2025-09-29 09:08:23 - INFO - ⏱️ Periodic flush (1 recs)
2025-09-29 09:08:23 - INFO - Pushing 1 records to https://pace.paceeducation.com/erp-api/sync/empAttSync.php
2025-09-29 09:08:23 - INFO - ⏱️ Periodic flush (1 recs)
2025-09-29 09:08:23 - INFO - Pushing 1 records to https://pace.paceeducation.com/erp-api/sync/empAttSync.php
2025-09-29 09:08:23 - ERROR - ❌ Push error: Object of type ListProxy is not JSON serializable
2025-09-29 09:08:23 - ERROR - ❌ Push error: Object of type ListProxy is not JSON serializable
2025-09-29 09:08:23 - ERROR - ❌ Push error: Object of type ListProxy is not JSON serializable
2025-09-29 09:09:24 - INFO - ⏱️ Periodic flush (1 recs)
2025-09-29 09:09:24 - INFO - Pushing 1 records to https://pace.paceeducation.com/erp-api/sync/empAttSync.php
2025-09-29 09:09:24 - ERROR - ❌ Push error: Object of type ListProxy is not JSON serializable
2025-09-29 09:09:24 - INFO - ⏱️ Periodic flush (1 recs)
2025-09-29 09:09:24 - INFO - Pushing 1 records to https://pace.paceeducation.com/erp-api/sync/empAttSync.php
2025-09-29 09:09:24 - ERROR - ❌ Push error: Object of type ListProxy is not JSON serializable
2025-09-29 09:09:24 - INFO - ⏱️ Periodic flush (1 recs)
2025-09-29 09:09:24 - INFO - Pushing 1 records to https://pace.paceeducation.com/erp-api/sync/empAttSync.php
2025-09-29 09:09:24 - ERROR - ❌ Push error: Object of type ListProxy is not JSON serializable
2025-09-29 09:10:24 - INFO - ⏱️ Periodic flush (1 recs)
2025-09-29 09:10:24 - INFO - Pushing 1 records to https://pace.paceeducation.com/erp-api/sync/empAttSync.php
2025-09-29 09:10:24 - ERROR - ❌ Push error: Object of type ListProxy is not JSON serializable
2025-09-29 09:10:24 - INFO - ⏱️ Periodic flush (1 recs)
2025-09-29 09:10:24 - INFO - Pushing 1 records to https://pace.paceeducation.com/erp-api/sync/empAttSync.php
2025-09-29 09:10:24 - ERROR - ❌ Push error: Object of type ListProxy is not JSON serializable
2025-09-29 09:10:24 - INFO - ⏱️ Periodic flush (1 recs)
2025-09-29 09:10:24 - INFO - Pushing 1 records to https://pace.paceeducation.com/erp-api/sync/empAttSync.php
2025-09-29 09:10:24 - ERROR - ❌ Push error: Object of type ListProxy is not JSON serializable
2025-09-29 09:11:25 - INFO - ⏱️ Periodic flush (1 recs)
2025-09-29 09:11:25 - INFO - Pushing 1 records to https://pace.paceeducation.com/erp-api/sync/empAttSync.php
2025-09-29 09:11:25 - ERROR - ❌ Push error: Object of type ListProxy is not JSON serializable
2025-09-29 09:11:25 - INFO - ⏱️ Periodic flush (1 recs)
2025-09-29 09:11:25 - INFO - Pushing 1 records to https://pace.paceeducation.com/erp-api/sync/empAttSync.php
2025-09-29 09:11:25 - ERROR - ❌ Push error: Object of type ListProxy is not JSON serializable
2025-09-29 09:11:25 - INFO - ⏱️ Periodic flush (1 recs)
2025-09-29 09:11:25 - INFO - Pushing 1 records to https://pace.paceeducation.com/erp-api/sync/empAttSync.php
2025-09-29 09:11:25 - ERROR - ❌ Push error: Object of type ListProxy is not JSON serializable
2025-09-29 09:12:26 - INFO - ⏱️ Periodic flush (1 recs)
2025-09-29 09:12:26 - INFO - Pushing 1 records to https://pace.paceeducation.com/erp-api/sync/empAttSync.php
2025-09-29 09:12:26 - ERROR - ❌ Push error: Object of type ListProxy is not JSON serializable
2025-09-29 09:12:26 - INFO - ⏱️ Periodic flush (1 recs)
2025-09-29 09:12:26 - INFO - Pushing 1 records to https://pace.paceeducation.com/erp-api/sync/empAttSync.php
2025-09-29 09:12:26 - ERROR - ❌ Push error: Object of type ListProxy is not JSON serializable
2025-09-29 09:12:26 - INFO - ⏱️ Periodic flush (1 recs)
2025-09-29 09:12:26 - INFO - Pushing 1 records to https://pace.paceeducation.com/erp-api/sync/empAttSync.php
2025-09-29 09:12:26 - ERROR - ❌ Push error: Object of type ListProxy is not JSON serializable
2025-09-29 09:13:26 - INFO - ⏱️ Periodic flush (1 recs)
2025-09-29 09:13:26 - INFO - Pushing 1 records to https://pace.paceeducation.com/erp-api/sync/empAttSync.php
2025-09-29 09:13:26 - ERROR - ❌ Push error: Object of type ListProxy is not JSON serializable
2025-09-29 09:13:26 - INFO - ⏱️ Periodic flush (1 recs)
2025-09-29 09:13:26 - INFO - Pushing 1 records to https://pace.paceeducation.com/erp-api/sync/empAttSync.php
2025-09-29 09:13:26 - ERROR - ❌ Push error: Object of type ListProxy is not JSON serializable
2025-09-29 09:13:26 - INFO - ⏱️ Periodic flush (1 recs)
2025-09-29 09:13:26 - INFO - Pushing 1 records to https://pace.paceeducation.com/erp-api/sync/empAttSync.php
2025-09-29 09:13:26 - ERROR - ❌ Push error: Object of type ListProxy is not JSON serializable
2025-09-29 09:14:27 - INFO - ⏱️ Periodic flush (1 recs)
2025-09-29 09:14:27 - INFO - Pushing 1 records to https://pace.paceeducation.com/erp-api/sync/empAttSync.php
2025-09-29 09:14:27 - ERROR - ❌ Push error: Object of type ListProxy is not JSON serializable
2025-09-29 09:14:27 - INFO - ⏱️ Periodic flush (1 recs)
2025-09-29 09:14:27 - INFO - Pushing 1 records to https://pace.paceeducation.com/erp-api/sync/empAttSync.php
2025-09-29 09:14:27 - ERROR - ❌ Push error: Object of type ListProxy is not JSON serializable
2025-09-29 09:14:27 - INFO - ⏱️ Periodic flush (1 recs)
2025-09-29 09:14:27 - INFO - Pushing 1 records to https://pace.paceeducation.com/erp-api/sync/empAttSync.php
2025-09-29 09:14:27 - ERROR - ❌ Push error: Object of type ListProxy is not JSON serializable
